  Compiling CUDA source file student_func.cu...
  
  C:\Users\zhang\Documents\cuda\problem2\problem2>"C:\Program Files\NVIDIA GPU Computing Toolkit\CUDA\v8.0\bin\nvcc.exe" -gencode=arch=compute_20,code=\"sm_20,compute_20\" --use-local-env --cl-version 2015 -ccbin "C:\Program Files (x86)\Microsoft Visual Studio 14.0\VC\bin\x86_amd64"  -I"C:\Program Files\NVIDIA GPU Computing Toolkit\CUDA\v8.0\include" -I"C:\Program Files\NVIDIA GPU Computing Toolkit\CUDA\v8.0\include"     --keep-dir x64\Release -maxrregcount=0  --machine 64 --compile -cudart static     -DWIN32 -DWIN64 -DNDEBUG -D_CONSOLE -D_MBCS -Xcompiler "/EHsc /W3 /nologo /O2 /FS /Zi  /MD " -o x64\Release\student_func.cu.obj "C:\Users\zhang\Documents\cuda\problem2\problem2\student_func.cu" 
CUDACOMPILE : nvcc warning : The 'compute_20', 'sm_20', and 'sm_21' architectures are deprecated, and may be removed in a future release (Use -Wno-deprecated-gpu-targets to suppress warning).
  student_func.cu
C:/Users/zhang/Documents/cuda/problem2/problem2/student_func.cu(237): warning C4267: 'argument': conversion from 'size_t' to 'unsigned int', possible loss of data
C:/Users/zhang/Documents/cuda/problem2/problem2/student_func.cu(240): warning C4267: 'argument': conversion from 'size_t' to 'int', possible loss of data
C:/Users/zhang/Documents/cuda/problem2/problem2/student_func.cu(251): warning C4267: 'argument': conversion from 'size_t' to 'int', possible loss of data
C:/Users/zhang/Documents/cuda/problem2/problem2/student_func.cu(252): warning C4267: 'argument': conversion from 'size_t' to 'int', possible loss of data
C:/Users/zhang/Documents/cuda/problem2/problem2/student_func.cu(253): warning C4267: 'argument': conversion from 'size_t' to 'int', possible loss of data
C:/Users/zhang/Documents/cuda/problem2/problem2/student_func.cu(262): warning C4267: 'argument': conversion from 'size_t' to 'int', possible loss of data
  Generating code
  7 of 374 functions ( 1.9%) were compiled, the rest were copied from previous compilation.
    0 functions were new in current compilation
    1 functions had inline decision re-evaluated but remain unchanged
  Finished generating code
  problem2.vcxproj -> C:\Users\zhang\Documents\cuda\problem2\x64\Release\problem2.exe
  problem2.vcxproj -> C:\Users\zhang\Documents\cuda\problem2\x64\Release\problem2.pdb (Full PDB)
  copy "C:\Program Files\NVIDIA GPU Computing Toolkit\CUDA\v8.0\bin\cudart*.dll" "C:\Users\zhang\Documents\cuda\problem2\x64\Release\"
  C:\Program Files\NVIDIA GPU Computing Toolkit\CUDA\v8.0\bin\cudart32_80.dll
  C:\Program Files\NVIDIA GPU Computing Toolkit\CUDA\v8.0\bin\cudart64_80.dll
          2 file(s) copied.
